[2022-03-21 08:41:22,371] requests_util.py->do_requests line:179 [INFO] ----------接口请求开始----------
[2022-03-21 08:41:22,372] requests_util.py->do_requests line:180 [INFO] 接口名称：获取图片验证码
[2022-03-21 08:41:22,373] requests_util.py->do_requests line:181 [INFO] 请求方式：get
[2022-03-21 08:41:22,374] requests_util.py->do_requests line:182 [INFO] 请求路径：http://172.16.10.218:10188/user_center/account/imageCode
[2022-03-21 08:41:22,375] requests_util.py->do_requests line:183 [INFO] 请求头：{}
[2022-03-21 08:41:22,376] requests_util.py->do_requests line:190 [INFO] 文件上传：None
[2022-03-21 08:41:22,745] requests_util.py->do_validate line:281 [INFO] 预期结果：[{'equals': {'status_code': 200}}]
[2022-03-21 08:41:22,748] requests_util.py->do_validate line:282 [INFO] 实际结果：b'\xff\xd8\xff\xe0\x00\x10JFIF\x00\x01\x02\x00\x00\x01\x00\x01\x00\x00\xff\xdb\x00C\x00\x08\x06\x06\x07\x06\x05\x08\x07\x07\x07\t\t\x08\n\x0c\x14\r\x0c\x0b\x0b\x0c\x19\x12\x13\x0f\x14\x1d\x1a\x1f\x1e\x1d\x1a\x1c\x1c $.\' ",#\x1c\x1c(7),01444\x1f\'9=82<.342\xff\xdb\x00C\x01\t\t\t\x0c\x0b\x0c\x18\r\r\x182!\x1c!22222222222222222222222222222222222222222222222222\xff\xc0\x00\x11\x08\x00(\x00d\x03\x01"\x00\x02\x11\x01\x03\x11\x01\xff\xc4\x00\x1f\x00\x00\x01\x05\x01\x01\x01\x01\x01\x01\x00\x00\x00\x00\x00\x00\x00\x00\x01\x02\x03\x04\x05\x06\x07\x08\t\n\x0b\xff\xc4\x00\xb5\x10\x00\x02\x01\x03\x03\x02\x04\x03\x05\x05\x04\x04\x00\x00\x01}\x01\x02\x03\x00\x04\x11\x05\x12!1A\x06\x13Qa\x07"q\x142\x81\x91\xa1\x08#B\xb1\xc1\x15R\xd1\xf0$3br\x82\t\n\x16\x17\x18\x19\x1a%&\'()*456789:CDEFGHIJSTUVWXYZcdefghijstuvwxyz\x83\x84\x85\x86\x87\x88\x89\x8a\x92\x93\x94\x95\x96\x97\x98\x99\x9a\xa2\xa3\xa4\xa5\xa6\xa7\xa8\xa9\xaa\xb2\xb3\xb4\xb5\xb6\xb7\xb8\xb9\xba\xc2\xc3\xc4\xc5\xc6\xc7\xc8\xc9\xca\xd2\xd3\xd4\xd5\xd6\xd7\xd8\xd9\xda\xe1\xe2\xe3\xe4\xe5\xe6\xe7\xe8\xe9\xea\xf1\xf2\xf3\xf4\xf5\xf6\xf7\xf8\xf9\xfa\xff\xc4\x00\x1f\x01\x00\x03\x01\x01\x01\x01\x01\x01\x01\x01\x01\x00\x00\x00\x00\x00\x00\x01\x02\x03\x04\x05\x06\x07\x08\t\n\x0b\xff\xc4\x00\xb5\x11\x00\x02\x01\x02\x04\x04\x03\x04\x07\x05\x04\x04\x00\x01\x02w\x00\x01\x02\x03\x11\x04\x05!1\x06\x12AQ\x07aq\x13"2\x81\x08\x14B\x91\xa1\xb1\xc1\t#3R\xf0\x15br\xd1\n\x16$4\xe1%\xf1\x17\x18\x19\x1a&\'()*56789:CDEFGHIJSTUVWXYZcdefghijstuvwxyz\x82\x83\x84\x85\x86\x87\x88\x89\x8a\x92\x93\x94\x95\x96\x97\x98\x99\x9a\xa2\xa3\xa4\xa5\xa6\xa7\xa8\xa9\xaa\xb2\xb3\xb4\xb5\xb6\xb7\xb8\xb9\xba\xc2\xc3\xc4\xc5\xc6\xc7\xc8\xc9\xca\xd2\xd3\xd4\xd5\xd6\xd7\xd8\xd9\xda\xe2\xe3\xe4\xe5\xe6\xe7\xe8\xe9\xea\xf2\xf3\xf4\xf5\xf6\xf7\xf8\xf9\xfa\xff\xda\x00\x0c\x03\x01\x00\x02\x11\x03\x11\x00?\x00\xf7\xfa+;\xfbf\xdb\xfbg\xfb/d\xbe\x7f\xf7\xb06\xfd\xdd\xde\xb9\xe9\xedZ51\x9cg~W\xb6\x82M=\x82\x8a(\xaa\x18QE\x14\x00QE\x14\x00Q\\\x8f\xc3\xbdkP\xd7|?=\xd6\xa5q\xe7\xcc\x97M\x1a\xb6\xc5\\(D8\xc2\x80:\x93]uk^\x8c\xa8\xd4t\xe5\xba\x1c\x97+\xb3\n+\x96\xd35{\xeb\xcf\x1fj\xb6"\x7f7L\xb6\x84m\n\x8aU$\xf98,\x06s\x9d\xfc\x13\xd8\xfaWSS88\xbb3\x1aUcU7\x1e\x8d\xaf\xb8(\xa2\x8a\x83S\x92\xff\x00\x9a\x87\xfe\x7f\xe7\x95n\x7fj\xf9\xba\xa7\xd8m!\xf3\xfc\xbf\xf5\xf2\xee\xc2\xc5\xed\xd0\xe4\xf5\xe3\xff\x00\xaf\x8ej\xfe\x19\xee<k4V\xd3y32\xe1_\xd3\xf7_\xa7\xa6{U\xef\n\xdf\x88ZM"h\x92)\xe2f \x82>r\x0f \xfa\x91\xed\xd8{s\xe4\xd0\xaa\xe3RT\xf6NO_\xbbC\x96\x12\xb4\x9c|\xd9\xd4W9\xa6\xf8\xaf\xed\xbe3\xd5<55\x97\x93=\x94bd\x99%\xde\xb2!\xdb\xd7 \x158u\xe3\x9e\xfc\xf03\xd1\xd7\x9a\xfcGF\xd0|I\xe1\xff\x00\x18\xc7+\x85\xb7\x99m.\x11@f1\x9d\xcd\xf2\x821\x92\xa6PI=\xd7\x18\xeb^\xa4\x9d\xb5=|\r\x18V\x9b\xa5%\xabN\xde\xbb\xaf\xbfo\x99\xd9k\xda\xef\xf6?\xd8`\x82\xdb\xedw\xd7\xd7\x0b\x05\xbd\xb8}\xb9\xee\xce\xc4\x02B(\xe4\x90\xa7\x1cz\xe6\xb6+\x8a\xd2\xe1\x7f\x10\xfcD\xd45\x89$\xdfc\xa2\xe6\xc2\xcdF\xe0<\xf2\xbf\xbeb3\xd4d\xafL\x10W\x1fw5\xda\xd3N\xe6x\x8aq\xa6\xa3\x05\xf1Z\xef\xd5\xebo\x92\xb7\xce\xe6\x0f\x8b<G\xff\x00\x08\xee\x9a\x8f\x0c\x1fi\xbf\xb9\x7f&\xd6\xdcr]\xcf|\x0eH\x1ct\xee@\xe39\xaaQi\xde1\xb2\x89.\xdf]\x83Q\x965\x0c\xf6\rj\x91$\xa7\xba\x89\x07 \xf5\xc1#\x19\xc6F3Y\x7f\x11d[Mk\xc2\xb7\xf3\x06[[{\xc2\xd2\xca\x14\x90\x83tg\x9cw\xc2\xb1\xc7S\x83]\xe4\xb2\xc7\x04O,\xae\xb1\xc6\x8aY\xdd\xce\x02\x81\xc9$\xf6\x15\xe8\xbbQ\xa1NQ\x8a|\xd7\xbd\xd5\xf6v\xb7\x97\xca\xcf_C-\xa2\xad\xd4\xe1~\x12\xff\x00\xc8\xabu\xff\x00_\xcf\xff\x00\xa0%w\xb5\xc1|%\xff\x00\x91V\xeb\xfe\xbf\x9f\xff\x00@J\xeb\xf5\x9b\x89m4-B\xe6\x06\xd946\xd2H\x8d\x80p\xc1I\x07\x07\xde\x96b\xaf\x8c\x9a\xf3&\xbc\x94\\\xa4\xfa\x1c\x97\x81\xae /\xe2\x1dzY\xa3\x82\xca\xea\xf3\xe530R\xbc\x96\xf9\xbb\x0f\xf5\x8a:\xf5\xcdt^n\xa5\xab\xcb\x1b[4\xdam\x8a\xb3\xefy"\x02yH\xe0mW\x04"w\xcb\r\xc7\x1d\x00\xe4\xf9\xfd\xb5\x85\xed\x9f\x824\x8dwL\xdd!\xb6\xb8\x92\xe2{fP\xf1\x92\x19\x97\xcd#\xae@P8\xe89\x1bH$\xfa^\x93\xabY\xebz|w\xb6Ro\x89\xb8 \xf0\xc8\xdd\xd5\x87b?\xfa\xfd\rg\x88V\x93\x9a\xd7\xa7\xa5\xb4<|\x04\xdc\xa0\xa9KM\x13\xf5\xbe\xb7\xfb\xf4\xb1z\x8a(\xaeC\xd63\xbf\xb1\xad\xbf\xb6\x7f\xb57\xcb\xe7\xff\x00w#o\xdd\xdb\xe9\x9e\x9e\xf4\xcb\xfd\x06\xcfP\xbaK\xa6ia\x9d\x7f\x8e\x16\nN:\x13\xc7Q\xebE\x15\x93\xa1M\xa6\x9a\xd1\xbb\xfc\xc9\xe4\x8d\xadcM\x14\xaa*\x96,@\xc1c\x8c\x9f~*\x8e\xb5\xa4Zk\xda=\xce\x99z\x1c\xdb\xdc.\x1bcm`A\x04\x10}A\x00\xfaq\xceE\x14V\xb64\x8c\x9c$\xa5\x17f\x83E\xd2-4\x1d\x1e\xdbL\xb2\x0e-\xed\xd7\x0b\xbd\xb71$\x92I>\xa4\x92}9\xe3\x02\xaf\xd1E\x01)9\xc9\xcaN\xed\x94\xb5M&\xc7Z\xb26z\x8d\xb2\xcf\x01`\xdbI \x82:\x10G \xfd;\x12;\xd6%\xb7\x80\xf4\xd8\xbc\x94\xba\xbc\xd4\xb5\x1bh6\x98\xado.w\xc2\x85z\x10\x80\x01\xc0\xc8\xc1\xe3\x04\x8cQEm\x0cEZq\xe5\x8c\x9aBRkDh\xf8w\xc3\xb6\x9e\x19\xd3\xe4\xb2\xb2\x92y#yL\xa4\xcc\xc0\x9c\x90\x07`8\xf9EY\xd5\xf4\xb85\xad.m>\xe5\xe4Hf\xdb\xb8\xc6@a\x86\r\xc6A\xee(\xa2\xa2Ug)\xf3\xc9\xeaL\xd2\x9ajZ\xdc\x9e\xca\xd5,lm\xed",c\x82%\x89Ku!F\x06}\xf8\xac\xbd;\xc2\xd6:N\xaf>\xa1a-\xc5\xb8\x9f\xfde\xaa2\xf9\'\xfe\x03\x8c\x8c\x1eF\x0f\x19 q\xc5\x14RS\x92\xbe\xbb\x90\xe9A\xf2\xddm\xb7\x91\xb7E\x14T\x9a\x1f\xff\xd9'
[2022-03-21 08:41:22,754] requests_util.py->do_validate line:318 [INFO] 接口请求成功
[2022-03-21 08:41:22,755] requests_util.py->do_validate line:319 [INFO] ----------接口请求结束----------

[2022-03-21 08:41:23,134] requests_util.py->do_requests line:179 [INFO] ----------接口请求开始----------
[2022-03-21 08:41:23,135] requests_util.py->do_requests line:180 [INFO] 接口名称：提报人登录
[2022-03-21 08:41:23,136] requests_util.py->do_requests line:181 [INFO] 请求方式：post
[2022-03-21 08:41:23,137] requests_util.py->do_requests line:182 [INFO] 请求路径：http://172.16.10.218:10188/user_center/account/login
[2022-03-21 08:41:23,138] requests_util.py->do_requests line:183 [INFO] 请求头：{}
[2022-03-21 08:41:23,138] requests_util.py->do_requests line:189 [INFO] 请求参数：{'account': 'vJzarh1FCgzAvcJJybJRzA==', 'code': 'kvdk', 'pwd': '1a8f04ad2d17eee8a6bbe029ae597461'}
[2022-03-21 08:41:23,139] requests_util.py->do_requests line:190 [INFO] 文件上传：None
[2022-03-21 08:41:25,128] requests_util.py->do_validate line:281 [INFO] 预期结果：[{'equals': {'status_code': 200}}, {'equals': {'code': 0}}, {'contains': 'token'}]
[2022-03-21 08:41:25,129] requests_util.py->do_validate line:282 [INFO] 实际结果：{'code': 0, 'msg': None, 'data': {'token': '2f3abeace66f39f56947c5a2a853f7f2000010', 'setPwd': 'NO'}}
[2022-03-21 08:41:25,130] requests_util.py->do_validate line:318 [INFO] 接口请求成功
[2022-03-21 08:41:25,131] requests_util.py->do_validate line:319 [INFO] ----------接口请求结束----------

[2022-03-21 08:41:25,486] requests_util.py->do_requests line:179 [INFO] ----------接口请求开始----------
[2022-03-21 08:41:25,487] requests_util.py->do_requests line:180 [INFO] 接口名称：审核人登录
[2022-03-21 08:41:25,488] requests_util.py->do_requests line:181 [INFO] 请求方式：post
[2022-03-21 08:41:25,489] requests_util.py->do_requests line:182 [INFO] 请求路径：http://172.16.10.218:10188/user_center/account/login
[2022-03-21 08:41:25,490] requests_util.py->do_requests line:183 [INFO] 请求头：{}
[2022-03-21 08:41:25,491] requests_util.py->do_requests line:189 [INFO] 请求参数：{'account': 'hPgw6BimkHqH4fvc92xSsA==', 'code': 'kvdk', 'pwd': '1a8f04ad2d17eee8a6bbe029ae597461'}
[2022-03-21 08:41:25,493] requests_util.py->do_requests line:190 [INFO] 文件上传：None
[2022-03-21 08:41:25,603] requests_util.py->do_validate line:281 [INFO] 预期结果：[{'equals': {'status_code': 200}}, {'equals': {'code': 0}}, {'contains': 'token'}]
[2022-03-21 08:41:25,603] requests_util.py->do_validate line:282 [INFO] 实际结果：{'code': 0, 'msg': None, 'data': {'token': '8d42c48f5f57810b67c6015c1d2981a6000008', 'setPwd': 'NO'}}
[2022-03-21 08:41:25,604] requests_util.py->do_validate line:318 [INFO] 接口请求成功
[2022-03-21 08:41:25,605] requests_util.py->do_validate line:319 [INFO] ----------接口请求结束----------

[2022-03-21 08:41:25,949] requests_util.py->do_requests line:179 [INFO] ----------接口请求开始----------
[2022-03-21 08:41:25,949] requests_util.py->do_requests line:180 [INFO] 接口名称：调度登录
[2022-03-21 08:41:25,950] requests_util.py->do_requests line:181 [INFO] 请求方式：post
[2022-03-21 08:41:25,951] requests_util.py->do_requests line:182 [INFO] 请求路径：http://172.16.10.218:10188/user_center/account/login
[2022-03-21 08:41:25,951] requests_util.py->do_requests line:183 [INFO] 请求头：{}
[2022-03-21 08:41:25,952] requests_util.py->do_requests line:189 [INFO] 请求参数：{'account': 'cu6OeWcLNpnRG+9rnd0YAw==', 'code': 'kvdk', 'pwd': '1a8f04ad2d17eee8a6bbe029ae597461'}
[2022-03-21 08:41:25,954] requests_util.py->do_requests line:190 [INFO] 文件上传：None
[2022-03-21 08:41:26,047] requests_util.py->do_validate line:281 [INFO] 预期结果：[{'equals': {'status_code': 200}}, {'equals': {'code': 0}}, {'contains': 'token'}]
[2022-03-21 08:41:26,051] requests_util.py->do_validate line:282 [INFO] 实际结果：{'code': 0, 'msg': None, 'data': {'token': '3f12e7e88e2424c204753864040487230000cc', 'setPwd': 'NO'}}
[2022-03-21 08:41:26,052] requests_util.py->do_validate line:318 [INFO] 接口请求成功
[2022-03-21 08:41:26,053] requests_util.py->do_validate line:319 [INFO] ----------接口请求结束----------

[2022-03-21 08:41:26,399] requests_util.py->do_requests line:179 [INFO] ----------接口请求开始----------
[2022-03-21 08:41:26,400] requests_util.py->do_requests line:180 [INFO] 接口名称：承运商登录
[2022-03-21 08:41:26,401] requests_util.py->do_requests line:181 [INFO] 请求方式：post
[2022-03-21 08:41:26,402] requests_util.py->do_requests line:182 [INFO] 请求路径：http://172.16.10.218:10188/user_center/account/login
[2022-03-21 08:41:26,403] requests_util.py->do_requests line:183 [INFO] 请求头：{}
[2022-03-21 08:41:26,404] requests_util.py->do_requests line:189 [INFO] 请求参数：{'account': '8xN7ce2ayKl1dPzFEdXQsA==', 'code': 'kvdk', 'pwd': '1a8f04ad2d17eee8a6bbe029ae597461'}
[2022-03-21 08:41:26,404] requests_util.py->do_requests line:190 [INFO] 文件上传：None
[2022-03-21 08:41:26,535] requests_util.py->do_validate line:281 [INFO] 预期结果：[{'equals': {'status_code': 200}}, {'equals': {'code': 0}}, {'contains': 'token'}]
[2022-03-21 08:41:26,536] requests_util.py->do_validate line:282 [INFO] 实际结果：{'code': 0, 'msg': None, 'data': {'token': 'f686eb2db2b35e28c4ba69851e08b6e000004b', 'setPwd': 'NO'}}
[2022-03-21 08:41:26,538] requests_util.py->do_validate line:318 [INFO] 接口请求成功
[2022-03-21 08:41:26,538] requests_util.py->do_validate line:319 [INFO] ----------接口请求结束----------

